<?xml version="1.0" encoding="UTF-8"?>
<!-- Generated by org.testng.reporters.JUnitReportReporter -->
<testsuite hostname="DESKTOP-GO5J5M6" failures="0" tests="18" name="midtermProjMain.Main" time="53.862" errors="0" timestamp="2023-11-03T12:49:52 CST" skipped="0">
  <testcase classname="midtermProjMain.Main" name="waitforSplash" time="5.090"/>
  <system-out/>
  <testcase classname="midtermProjMain.Main" name="generalStoreInitial" time="0.257"/>
  <system-out/>
  <testcase classname="midtermProjMain.Main" name="selectCountry" time="9.553"/>
  <system-out/>
  <testcase classname="midtermProjMain.Main" name="enterName" time="0.586"/>
  <system-out/>
  <testcase classname="midtermProjMain.Main" name="selectGender" time="0.091"/>
  <system-out/>
  <testcase classname="midtermProjMain.Main" name="shopBegin" time="5.746"/>
  <system-out/>
  <testcase classname="midtermProjMain.Main" name="returnToMainMenuM" time="0.709"/>
  <system-out/>
  <testcase classname="midtermProjMain.Main" name="waitforSplash2" time="5.059"/>
  <system-out/>
  <testcase classname="midtermProjMain.Main" name="generalStoreInitial2" time="0.040"/>
  <system-out/>
  <testcase classname="midtermProjMain.Main" name="selectGender2" time="0.088"/>
  <system-out/>
  <testcase classname="midtermProjMain.Main" name="enterName2" time="0.572"/>
  <system-out/>
  <testcase classname="midtermProjMain.Main" name="selectCountry2" time="13.206"/>
  <system-out/>
  <testcase classname="midtermProjMain.Main" name="shopBegin2" time="1.655"/>
  <system-out/>
  <testcase classname="midtermProjMain.Main" name="enterName3" time="0.568"/>
  <system-out/>
  <testcase classname="midtermProjMain.Main" name="shopBegin3" time="3.946"/>
  <system-out/>
  <testcase classname="midtermProjMain.Main" name="scrollAllDown" time="0.824"/>
  <system-out/>
  <testcase classname="midtermProjMain.Main" name="enterItem" time="0.701"/>
  <system-out/>
  <testcase classname="midtermProjMain.Main" name="enterCart" time="5.171"/>
  <system-out/>
</testsuite> <!-- midtermProjMain.Main -->
